Instruction: LDX IP: 600
CPU STATE:: X: 0 Y: 0 Acc: 0 Stack: 1ff Status: 00000000
Instruction: LDA IP: 602
CPU STATE:: X: 0 Y: 0 Acc: 0 Stack: 1ff Status: 00000010
Instruction: STA IP: 604
CPU STATE:: X: 0 Y: 0 Acc: 50 Stack: 1ff Status: 00000000
Instruction: INX IP: 606
CPU STATE:: X: 0 Y: 0 Acc: 50 Stack: 1ff Status: 00000000
Instruction: JMP IP: 607
CPU STATE:: X: 1 Y: 0 Acc: 50 Stack: 1ff Status: 00000000
Instruction: STA IP: 604
CPU STATE:: X: 1 Y: 0 Acc: 50 Stack: 1ff Status: 00000000
Instruction: INX IP: 606
CPU STATE:: X: 1 Y: 0 Acc: 50 Stack: 1ff Status: 00000000
Instruction: JMP IP: 607
CPU STATE:: X: 2 Y: 0 Acc: 50 Stack: 1ff Status: 00000000
Instruction: STA IP: 604
CPU STATE:: X: 2 Y: 0 Acc: 50 Stack: 1ff Status: 00000000
Instruction: INX IP: 606
CPU STATE:: X: 2 Y: 0 Acc: 50 Stack: 1ff Status: 00000000
Instruction: JMP IP: 607
CPU STATE:: X: 3 Y: 0 Acc: 50 Stack: 1ff Status: 00000000
Instruction: STA IP: 604
CPU STATE:: X: 3 Y: 0 Acc: 50 Stack: 1ff Status: 00000000
Instruction: INX IP: 606
CPU STATE:: X: 3 Y: 0 Acc: 50 Stack: 1ff Status: 00000000
Instruction: JMP IP: 607
CPU STATE:: X: 4 Y: 0 Acc: 50 Stack: 1ff Status: 00000000
Instruction: STA IP: 604
CPU STATE:: X: 4 Y: 0 Acc: 50 Stack: 1ff Status: 00000000
Instruction: INX IP: 606
CPU STATE:: X: 4 Y: 0 Acc: 50 Stack: 1ff Status: 00000000
Instruction: JMP IP: 607
CPU STATE:: X: 5 Y: 0 Acc: 50 Stack: 1ff Status: 00000000
Instruction: STA IP: 604
CPU STATE:: X: 5 Y: 0 Acc: 50 Stack: 1ff Status: 00000000
Instruction: INX IP: 606
CPU STATE:: X: 5 Y: 0 Acc: 50 Stack: 1ff Status: 00000000
Instruction: JMP IP: 607
CPU STATE:: X: 6 Y: 0 Acc: 50 Stack: 1ff Status: 00000000
